[debug] [2025-10-17T15:20:38.677Z] ----------------------------------------------------------------------
[debug] [2025-10-17T15:20:38.681Z] Command:       C:\Program Files\nodejs\node.exe C:\Users\Eder\AppData\Roaming\npm\node_modules\firebase-tools\lib\bin\firebase.js init
[debug] [2025-10-17T15:20:38.681Z] CLI Version:   14.20.0
[debug] [2025-10-17T15:20:38.681Z] Platform:      win32
[debug] [2025-10-17T15:20:38.681Z] Node Version:  v22.19.0
[debug] [2025-10-17T15:20:38.682Z] Time:          Fri Oct 17 2025 12:20:38 GMT-0300 (Brasilia Standard Time)
[debug] [2025-10-17T15:20:38.682Z] ----------------------------------------------------------------------
[debug] 
[info] 
     ######## #### ########  ######## ########     ###     ######  ########
     ##        ##  ##     ## ##       ##     ##  ##   ##  ##       ##
     ######    ##  ########  ######   ########  #########  ######  ######
     ##        ##  ##    ##  ##       ##     ## ##     ##       ## ##
     ##       #### ##     ## ######## ########  ##     ##  ######  ########

You're about to initialize a Firebase project in this directory:

  C:\LNBot

Before we get started, keep in mind:

  * You are currently outside your home directory

[debug] [2025-10-17T15:23:22.803Z] ExitPromptError: User force closed the prompt with SIGINT
    at Interface.sigint (C:\Users\Eder\AppData\Roaming\npm\node_modules\firebase-tools\node_modules\@inquirer\core\dist\commonjs\lib\create-prompt.js:101:37)
    at Interface.emit (node:events:519:28)
    at Interface.emit (node:domain:489:12)
    at [_ttyWrite] [as _ttyWrite] (node:internal/readline/interface:1132:18)
    at ReadStream.onkeypress (node:internal/readline/interface:271:20)
    at ReadStream.emit (node:events:531:35)
    at ReadStream.emit (node:domain:489:12)
    at emitKeys (node:internal/readline/utils:370:14)
    at emitKeys.next (<anonymous>)
    at ReadStream.onData (node:internal/readline/emitKeypressEvents:64:36)
[error] 
[error] Error: An unexpected error has occurred.
[debug] [2025-10-17T15:23:41.792Z] ----------------------------------------------------------------------
[debug] [2025-10-17T15:23:41.796Z] Command:       C:\Program Files\nodejs\node.exe C:\Users\Eder\AppData\Roaming\npm\node_modules\firebase-tools\lib\bin\firebase.js init hosting
[debug] [2025-10-17T15:23:41.796Z] CLI Version:   14.20.0
[debug] [2025-10-17T15:23:41.796Z] Platform:      win32
[debug] [2025-10-17T15:23:41.796Z] Node Version:  v22.19.0
[debug] [2025-10-17T15:23:41.797Z] Time:          Fri Oct 17 2025 12:23:41 GMT-0300 (Brasilia Standard Time)
[debug] [2025-10-17T15:23:41.797Z] ----------------------------------------------------------------------
[debug] 
[info] 
     ######## #### ########  ######## ########     ###     ######  ########
     ##        ##  ##     ## ##       ##     ##  ##   ##  ##       ##
     ######    ##  ########  ######   ########  #########  ######  ######
     ##        ##  ##    ##  ##       ##     ## ##     ##       ## ##
     ##       #### ##     ## ######## ########  ##     ##  ######  ########

You're about to initialize a Firebase project in this directory:

  C:\LNBot

Before we get started, keep in mind:

  * You are currently outside your home directory

[info] 
=== Project Setup
[info] 
[info] First, let's associate this project directory with a Firebase project.
[info] You can create multiple project aliases by running firebase use --add, 
[info] 
[info] i  If you want to create a project in a Google Cloud organization or folder, please use "firebase projects:create" instead, and return to this command when you've created the project. 
[debug] [2025-10-17T15:25:26.883Z] > command requires scopes: ["email","openid","https://www.googleapis.com/auth/cloudplatformprojects.readonly","https://www.googleapis.com/auth/firebase","https://www.googleapis.com/auth/cloud-platform"]
[debug] [2025-10-17T15:25:26.884Z] > authorizing via signed-in user (ederseefeldt.dev@gmail.com)
[debug] [2025-10-17T15:25:51.997Z] ExitPromptError: User force closed the prompt with SIGINT
    at Interface.sigint (C:\Users\Eder\AppData\Roaming\npm\node_modules\firebase-tools\node_modules\@inquirer\core\dist\commonjs\lib\create-prompt.js:101:37)
    at Interface.emit (node:events:519:28)
    at Interface.emit (node:domain:489:12)
    at [_ttyWrite] [as _ttyWrite] (node:internal/readline/interface:1132:18)
    at ReadStream.onkeypress (node:internal/readline/interface:271:20)
    at ReadStream.emit (node:events:531:35)
    at ReadStream.emit (node:domain:489:12)
    at emitKeys (node:internal/readline/utils:370:14)
    at emitKeys.next (<anonymous>)
    at ReadStream.onData (node:internal/readline/emitKeypressEvents:64:36)
[error] 
[error] Error: An unexpected error has occurred.
[debug] [2025-10-17T15:25:57.786Z] ----------------------------------------------------------------------
[debug] [2025-10-17T15:25:57.790Z] Command:       C:\Program Files\nodejs\node.exe C:\Users\Eder\AppData\Roaming\npm\node_modules\firebase-tools\lib\bin\firebase.js init hosting
[debug] [2025-10-17T15:25:57.790Z] CLI Version:   14.20.0
[debug] [2025-10-17T15:25:57.790Z] Platform:      win32
[debug] [2025-10-17T15:25:57.791Z] Node Version:  v22.19.0
[debug] [2025-10-17T15:25:57.791Z] Time:          Fri Oct 17 2025 12:25:57 GMT-0300 (Brasilia Standard Time)
[debug] [2025-10-17T15:25:57.791Z] ----------------------------------------------------------------------
[debug] 
[info] 
     ######## #### ########  ######## ########     ###     ######  ########
     ##        ##  ##     ## ##       ##     ##  ##   ##  ##       ##
     ######    ##  ########  ######   ########  #########  ######  ######
     ##        ##  ##    ##  ##       ##     ## ##     ##       ## ##
     ##       #### ##     ## ######## ########  ##     ##  ######  ########

You're about to initialize a Firebase project in this directory:

  C:\LNBot

Before we get started, keep in mind:

  * You are currently outside your home directory

[info] 
=== Project Setup
[info] 
[info] First, let's associate this project directory with a Firebase project.
[info] You can create multiple project aliases by running firebase use --add, 
[info] 
[debug] [2025-10-17T15:26:00.296Z] > command requires scopes: ["email","openid","https://www.googleapis.com/auth/cloudplatformprojects.readonly","https://www.googleapis.com/auth/firebase","https://www.googleapis.com/auth/cloud-platform"]
[debug] [2025-10-17T15:26:00.296Z] > authorizing via signed-in user (ederseefeldt.dev@gmail.com)
[debug] [2025-10-17T15:26:00.298Z] Checked if tokens are valid: true, expires at: 1760717480994
[debug] [2025-10-17T15:26:00.299Z] Checked if tokens are valid: true, expires at: 1760717480994
[debug] [2025-10-17T15:26:00.301Z] >>> [apiv2][query] GET https://firebase.googleapis.com/v1beta1/projects pageSize=100
[debug] [2025-10-17T15:26:01.226Z] <<< [apiv2][status] GET https://firebase.googleapis.com/v1beta1/projects 200
[debug] [2025-10-17T15:26:01.226Z] <<< [apiv2][body] GET https://firebase.googleapis.com/v1beta1/projects [omitted]
[info] 
=== Hosting Setup
[debug] [2025-10-17T15:26:02.339Z] Checked if tokens are valid: true, expires at: 1760717480994
[debug] [2025-10-17T15:26:02.339Z] Checked if tokens are valid: true, expires at: 1760717480994
[debug] [2025-10-17T15:26:02.339Z] >>> [apiv2][query] GET https://firebase.googleapis.com/v1beta1/projects/lnbot-d6969 [none]
[debug] [2025-10-17T15:26:02.689Z] <<< [apiv2][status] GET https://firebase.googleapis.com/v1beta1/projects/lnbot-d6969 200
[debug] [2025-10-17T15:26:02.690Z] <<< [apiv2][body] GET https://firebase.googleapis.com/v1beta1/projects/lnbot-d6969 {"projectId":"lnbot-d6969","projectNumber":"771160300177","displayName":"LNBot","name":"projects/lnbot-d6969","resources":{"hostingSite":"lnbot-d6969"},"state":"ACTIVE","etag":"1_99a74fa4-7e46-4bb7-8045-94f6735f3db1"}
[info] 
[info] Your public directory is the folder (relative to your project directory) that
[info] will contain Hosting assets to be uploaded with firebase deploy. If you
[info] have a build process for your assets, use your build's output directory.
[info] 
